<?xml version="1.0" encoding="UTF-8"?>
<testng-results skipped="0" failed="0" total="1" passed="1">
  <reporter-output>
  </reporter-output>
  <suite name="Sample test Suite" duration-ms="17" started-at="2015-12-18T09:00:11Z" finished-at="2015-12-18T09:00:11Z">
    <groups>
    </groups>
    <test name="Sample test" duration-ms="17" started-at="2015-12-18T09:00:11Z" finished-at="2015-12-18T09:00:11Z">
      <class name="com.ztest.testcases.NewTest">
        <test-method status="PASS" signature="f()[pri:0, instance:com.ztest.testcases.NewTest@1316b76]" name="f" duration-ms="10" started-at="2015-12-18T14:30:11Z" finished-at="2015-12-18T14:30:11Z">
          <reporter-output>
          </reporter-output>
        </test-method> <!-- f -->
      </class> <!-- com.ztest.testcases.NewTest -->
    </test> <!-- Sample test -->
  </suite> <!-- Sample test Suite -->
</testng-results>
